<?xml version="1.0" encoding="UTF-8"?>
<!-- Generated by org.testng.reporters.JUnitReportReporter -->
<testsuite hostname="SYS92" name="samplepackage.SampleClass" tests="2" failures="0" timestamp="30 May 2016 12:54:57 GMT" time="0.009" errors="0">
  <testcase name="testCase1" time="0.009" classname="samplepackage.SampleClass"/>
  <testcase name="testCase2" time="0.000" classname="samplepackage.SampleClass"/>
</testsuite> <!-- samplepackage.SampleClass -->
